<?xml version="1.0" encoding="UTF-8"?>
<testsuite name="TestSuite" time="1.519" tests="4" errors="0" skipped="0" failures="0">
  <properties>
[...]
</properties>
  <testcase name="testSearchjavaTC1" classname="com.dixter.test.regression.TestSearchU1" time="1.159"/>
  <testcase name="testSearchjavaTC1" classname="com.dixter.test.regression.TestSearchU1" time="1.072"/>
  <testcase name="testSearchjavafreeTC2" classname="com.dixter.test.regression.TestSearchU1" time="0.36"/>
  <testcase name="testSearchjavafreeTC2" classname="com.dixter.test.regression.TestSearchU1" time="0.312"/>
</testsuite>