<?xml version="1.0" encoding="UTF-8"?>
<testng-results skipped="0" failed="1" ignored="0" total="4" passed="3">
  <reporter-output>
  </reporter-output>
  <suite name="Default suite" duration-ms="32798" started-at="2018-02-10T13:13:18Z" finished-at="2018-02-10T13:13:50Z">
    <groups>
    </groups>
    <test name="Default test" duration-ms="32798" started-at="2018-02-10T13:13:18Z" finished-at="2018-02-10T13:13:50Z">
      <class name="com.dixter.test.regression.TestSearchU1">
        <test-method status="PASS" signature="preCondition()[pri:0, instance:com.dixter.test.regression.TestSearchU1@10a035a0]" name="preCondition" is-config="true" duration-ms="6902" started-at="2018-02-10T07:13:18Z" finished-at="2018-02-10T07:13:25Z">
          <reporter-output>
          </reporter-output>
        </test-method> <!-- preCondition -->
        <test-method status="PASS" signature="testSearchjavaTC1()[pri:0, instance:com.dixter.test.regression.TestSearchU1@10a035a0]" name="testSearchjavaTC1" duration-ms="1334" started-at="2018-02-10T07:13:25Z" finished-at="2018-02-10T07:13:26Z">
          <reporter-output>
          </reporter-output>
        </test-method> <!-- testSearchjavaTC1 -->
        <test-method status="PASS" signature="postCondition()[pri:0, instance:com.dixter.test.regression.TestSearchU1@10a035a0]" name="postCondition" is-config="true" duration-ms="80" started-at="2018-02-10T07:13:26Z" finished-at="2018-02-10T07:13:26Z">
          <reporter-output>
          </reporter-output>
        </test-method> <!-- postCondition -->
        <test-method status="PASS" signature="preCondition()[pri:0, instance:com.dixter.test.regression.TestSearchU1@10a035a0]" name="preCondition" is-config="true" duration-ms="5154" started-at="2018-02-10T07:13:26Z" finished-at="2018-02-10T07:13:31Z">
          <reporter-output>
          </reporter-output>
        </test-method> <!-- preCondition -->
        <test-method status="PASS" signature="testSearchjavafreeTC2()[pri:0, instance:com.dixter.test.regression.TestSearchU1@10a035a0]" name="testSearchjavafreeTC2" duration-ms="392" started-at="2018-02-10T07:13:31Z" finished-at="2018-02-10T07:13:32Z">
          <reporter-output>
          </reporter-output>
        </test-method> <!-- testSearchjavafreeTC2 -->
        <test-method status="PASS" signature="postCondition()[pri:0, instance:com.dixter.test.regression.TestSearchU1@10a035a0]" name="postCondition" is-config="true" duration-ms="2104" started-at="2018-02-10T07:13:32Z" finished-at="2018-02-10T07:13:34Z">
          <reporter-output>
          </reporter-output>
        </test-method> <!-- postCondition -->
      </class> <!-- com.dixter.test.regression.TestSearchU1 -->
      <class name="com.dixter.test.smoke.TestSearchU1">
        <test-method status="PASS" signature="preCondition()[pri:0, instance:com.dixter.test.smoke.TestSearchU1@67b467e9]" name="preCondition" is-config="true" duration-ms="5778" started-at="2018-02-10T07:13:34Z" finished-at="2018-02-10T07:13:39Z">
          <reporter-output>
          </reporter-output>
        </test-method> <!-- preCondition -->
        <test-method status="FAIL" signature="testSearchjavaTC1()[pri:0, instance:com.dixter.test.smoke.TestSearchU1@67b467e9]" name="testSearchjavaTC1" duration-ms="575" started-at="2018-02-10T07:13:39Z" finished-at="2018-02-10T07:13:40Z">
          <exception class="org.openqa.selenium.WebDriverException">
            <message>
              <![CDATA[unknown error: Element <input value="Google Search" aria-label="Google Search" name="btnK" type="submit" jsaction="sf.chk"> is not clickable at point (598, 411). Other element would receive the click: <div class="sbqs_c">...</div>  (Session info: chrome=64.0.3282.140)  (Driver info: chromedriver=2.33.506120 (e3e53437346286c0bc2d2dc9aa4915ba81d9023f),platform=Windows NT 10.0.15063 x86_64) (WARNING: The server did not provide any stacktrace information)Command duration or timeout: 69 millisecondsBuild info: version: 'unknown', revision: '5234b32', time: '2017-03-10 09:00:17 -0800'System info: host: 'DESKTOP-6AT82SO', ip: '192.168.1.7', os.name: 'Windows 10', os.arch: 'amd64', os.version: '10.0', java.version: '1.8.0_151'Driver info: org.openqa.selenium.chrome.ChromeDriverCapabilities [{applicationCacheEnabled=false, rotatable=false, mobileEmulationEnabled=false, networkConnectionEnabled=false, chrome={chromedriverVersion=2.33.506120 (e3e53437346286c0bc2d2dc9aa4915ba81d9023f), userDataDir=C:\Users\sandm\AppData\Local\Temp\scoped_dir24948_26273}, takesHeapSnapshot=true, pageLoadStrategy=normal, databaseEnabled=false, handlesAlerts=true, hasTouchScreen=false, version=64.0.3282.140, platform=XP, browserConnectionEnabled=false, nativeEvents=true, acceptSslCerts=true, locationContextEnabled=true, webStorageEnabled=true, browserName=chrome, takesScreenshot=true, javascriptEnabled=true, cssSelectorsEnabled=true, setWindowRect=true, unexpectedAlertBehaviour=}]Session ID: 377bd1b9767e25ef865f0cba19ac51c1]]>
            </message>
            <full-stacktrace>
              <![CDATA[org.openqa.selenium.WebDriverException: unknown error: Element <input value="Google Search" aria-label="Google Search" name="btnK" type="submit" jsaction="sf.chk"> is not clickable at point (598, 411). Other element would receive the click: <div class="sbqs_c">...</div>  (Session info: chrome=64.0.3282.140)  (Driver info: chromedriver=2.33.506120 (e3e53437346286c0bc2d2dc9aa4915ba81d9023f),platform=Windows NT 10.0.15063 x86_64) (WARNING: The server did not provide any stacktrace information)Command duration or timeout: 69 millisecondsBuild info: version: 'unknown', revision: '5234b32', time: '2017-03-10 09:00:17 -0800'System info: host: 'DESKTOP-6AT82SO', ip: '192.168.1.7', os.name: 'Windows 10', os.arch: 'amd64', os.version: '10.0', java.version: '1.8.0_151'Driver info: org.openqa.selenium.chrome.ChromeDriverCapabilities [{applicationCacheEnabled=false, rotatable=false, mobileEmulationEnabled=false, networkConnectionEnabled=false, chrome={chromedriverVersion=2.33.506120 (e3e53437346286c0bc2d2dc9aa4915ba81d9023f), userDataDir=C:\Users\sandm\AppData\Local\Temp\scoped_dir24948_26273}, takesHeapSnapshot=true, pageLoadStrategy=normal, databaseEnabled=false, handlesAlerts=true, hasTouchScreen=false, version=64.0.3282.140, platform=XP, browserConnectionEnabled=false, nativeEvents=true, acceptSslCerts=true, locationContextEnabled=true, webStorageEnabled=true, browserName=chrome, takesScreenshot=true, javascriptEnabled=true, cssSelectorsEnabled=true, setWindowRect=true, unexpectedAlertBehaviour=}]Session ID: 377bd1b9767e25ef865f0cba19ac51c1at sun.reflect.NativeConstructorAccessorImpl.newInstance0(Native Method)at sun.reflect.NativeConstructorAccessorImpl.newInstance(Unknown Source)at sun.reflect.DelegatingConstructorAccessorImpl.newInstance(Unknown Source)at java.lang.reflect.Constructor.newInstance(Unknown Source)at org.openqa.selenium.remote.ErrorHandler.createThrowable(ErrorHandler.java:216)at org.openqa.selenium.remote.ErrorHandler.throwIfResponseFailed(ErrorHandler.java:168)at org.openqa.selenium.remote.RemoteWebDriver.execute(RemoteWebDriver.java:638)at org.openqa.selenium.remote.RemoteWebElement.execute(RemoteWebElement.java:274)at org.openqa.selenium.remote.RemoteWebElement.click(RemoteWebElement.java:84)at com.dixter.test.smoke.TestSearchU1.testSearchjavaTC1(TestSearchU1.java:28)at sun.reflect.NativeMethodAccessorImpl.invoke0(Native Method)at sun.reflect.NativeMethodAccessorImpl.invoke(Unknown Source)at sun.reflect.DelegatingMethodAccessorImpl.invoke(Unknown Source)at java.lang.reflect.Method.invoke(Unknown Source)at org.testng.internal.MethodInvocationHelper.invokeMethod(MethodInvocationHelper.java:124)at org.testng.internal.Invoker.invokeMethod(Invoker.java:571)at org.testng.internal.Invoker.invokeTestMethod(Invoker.java:707)at org.testng.internal.Invoker.invokeTestMethods(Invoker.java:979)at org.testng.internal.TestMethodWorker.invokeTestMethods(TestMethodWorker.java:125)at org.testng.internal.TestMethodWorker.run(TestMethodWorker.java:109)at org.testng.TestRunner.privateRun(TestRunner.java:648)at org.testng.TestRunner.run(TestRunner.java:505)at org.testng.SuiteRunner.runTest(SuiteRunner.java:455)at org.testng.SuiteRunner.runSequentially(SuiteRunner.java:450)at org.testng.SuiteRunner.privateRun(SuiteRunner.java:415)at org.testng.SuiteRunner.run(SuiteRunner.java:364)at org.testng.SuiteRunnerWorker.runSuite(SuiteRunnerWorker.java:52)at org.testng.SuiteRunnerWorker.run(SuiteRunnerWorker.java:84)at org.testng.TestNG.runSuitesSequentially(TestNG.java:1187)at org.testng.TestNG.runSuitesLocally(TestNG.java:1116)at org.testng.TestNG.runSuites(TestNG.java:1028)at org.testng.TestNG.run(TestNG.java:996)at org.testng.remote.AbstractRemoteTestNG.run(AbstractRemoteTestNG.java:114)at org.testng.remote.RemoteTestNG.initAndRun(RemoteTestNG.java:251)at org.testng.remote.RemoteTestNG.main(RemoteTestNG.java:77)]]>
            </full-stacktrace>
          </exception> <!-- org.openqa.selenium.WebDriverException -->
          <reporter-output>
          </reporter-output>
        </test-method> <!-- testSearchjavaTC1 -->
        <test-method status="PASS" signature="postCondition()[pri:0, instance:com.dixter.test.smoke.TestSearchU1@67b467e9]" name="postCondition" is-config="true" duration-ms="2111" started-at="2018-02-10T07:13:40Z" finished-at="2018-02-10T07:13:42Z">
          <reporter-output>
          </reporter-output>
        </test-method> <!-- postCondition -->
        <test-method status="PASS" signature="preCondition()[pri:0, instance:com.dixter.test.smoke.TestSearchU1@67b467e9]" name="preCondition" is-config="true" duration-ms="5800" started-at="2018-02-10T07:13:42Z" finished-at="2018-02-10T07:13:48Z">
          <reporter-output>
          </reporter-output>
        </test-method> <!-- preCondition -->
        <test-method status="PASS" signature="testSearchjavafreeTC2()[pri:0, instance:com.dixter.test.smoke.TestSearchU1@67b467e9]" name="testSearchjavafreeTC2" duration-ms="389" started-at="2018-02-10T07:13:48Z" finished-at="2018-02-10T07:13:48Z">
          <reporter-output>
          </reporter-output>
        </test-method> <!-- testSearchjavafreeTC2 -->
        <test-method status="PASS" signature="postCondition()[pri:0, instance:com.dixter.test.smoke.TestSearchU1@67b467e9]" name="postCondition" is-config="true" duration-ms="2119" started-at="2018-02-10T07:13:48Z" finished-at="2018-02-10T07:13:50Z">
          <reporter-output>
          </reporter-output>
        </test-method> <!-- postCondition -->
      </class> <!-- com.dixter.test.smoke.TestSearchU1 -->
    </test> <!-- Default test -->
  </suite> <!-- Default suite -->
</testng-results>
